Performing C SOURCE FILE Test CMAKE_HAVE_LIBC_PTHREAD failed with the following output:
Change Dir: C:/Users/kevin/Programming/DecoderVis/out/build/x64-release/CMakeFiles/CMakeScratch/TryCompile-e5z4b1

Run Build Command(s):C:/Program Files/Microsoft Visual Studio/2022/Community/Common7/IDE/CommonExtensions/Microsoft/CMake/Ninja/ninja.exe cmTC_db418 && [1/2] Building C object CMakeFiles\cmTC_db418.dir\src.c.obj
FAILED: CMakeFiles/cmTC_db418.dir/src.c.obj 
C:\PROGRA~1\MICROS~4\2022\COMMUN~1\VC\Tools\MSVC\1435~1.322\bin\Hostx64\x64\cl.exe  /nologo -DCMAKE_HAVE_LIBC_PTHREAD  /DWIN32 /D_WINDOWS /W3  /MDd /Ob0 /Od /RTC1 -Zi /showIncludes /FoCMakeFiles\cmTC_db418.dir\src.c.obj /FdCMakeFiles\cmTC_db418.dir\ /FS -c C:\Users\kevin\Programming\DecoderVis\out\build\x64-release\CMakeFiles\CMakeScratch\TryCompile-e5z4b1\src.c
C:\Users\kevin\Programming\DecoderVis\out\build\x64-release\CMakeFiles\CMakeScratch\TryCompile-e5z4b1\src.c(1): fatal error C1083: Cannot open include file: 'pthread.h': No such file or directory
ninja: build stopped: subcommand failed.


Source file was:
#include <pthread.h>

static void* test_func(void* data)
{
  return data;
}

int main(void)
{
  pthread_t thread;
  pthread_create(&thread, NULL, test_func, NULL);
  pthread_detach(thread);
  pthread_cancel(thread);
  pthread_join(thread, NULL);
  pthread_atfork(NULL, NULL, NULL);
  pthread_exit(NULL);

  return 0;
}


Determining if the function pthread_create exists in the pthreads failed with the following output:
Change Dir: C:/Users/kevin/Programming/DecoderVis/out/build/x64-release/CMakeFiles/CMakeScratch/TryCompile-ic636b

Run Build Command(s):C:/Program Files/Microsoft Visual Studio/2022/Community/Common7/IDE/CommonExtensions/Microsoft/CMake/Ninja/ninja.exe cmTC_200fb && [1/2] Building C object CMakeFiles\cmTC_200fb.dir\CheckFunctionExists.c.obj
[2/2] Linking C executable cmTC_200fb.exe
FAILED: cmTC_200fb.exe 
cmd.exe /C "cd . && "C:\Program Files\Microsoft Visual Studio\2022\Community\Common7\IDE\CommonExtensions\Microsoft\CMake\CMake\bin\cmake.exe" -E vs_link_exe --intdir=CMakeFiles\cmTC_200fb.dir --rc=C:\PROGRA~2\WI3CF2~1\10\bin\100220~1.0\x64\rc.exe --mt=C:\PROGRA~2\WI3CF2~1\10\bin\100220~1.0\x64\mt.exe --manifests  -- C:\PROGRA~1\MICROS~4\2022\COMMUN~1\VC\Tools\MSVC\1435~1.322\bin\Hostx64\x64\link.exe /nologo CMakeFiles\cmTC_200fb.dir\CheckFunctionExists.c.obj  /out:cmTC_200fb.exe /implib:cmTC_200fb.lib /pdb:cmTC_200fb.pdb /version:0.0 /machine:x64  /debug /INCREMENTAL /subsystem:console  pthreads.lib  kernel32.lib user32.lib gdi32.lib winspool.lib shell32.lib ole32.lib oleaut32.lib uuid.lib comdlg32.lib advapi32.lib && cd ."
LINK Pass 1: command "C:\PROGRA~1\MICROS~4\2022\COMMUN~1\VC\Tools\MSVC\1435~1.322\bin\Hostx64\x64\link.exe /nologo CMakeFiles\cmTC_200fb.dir\CheckFunctionExists.c.obj /out:cmTC_200fb.exe /implib:cmTC_200fb.lib /pdb:cmTC_200fb.pdb /version:0.0 /machine:x64 /debug /INCREMENTAL /subsystem:console pthreads.lib kernel32.lib user32.lib gdi32.lib winspool.lib shell32.lib ole32.lib oleaut32.lib uuid.lib comdlg32.lib advapi32.lib /MANIFEST /MANIFESTFILE:CMakeFiles\cmTC_200fb.dir/intermediate.manifest CMakeFiles\cmTC_200fb.dir/manifest.res" failed (exit code 1104) with the following output:
LINK : fatal error LNK1104: cannot open file 'pthreads.lib'
ninja: build stopped: subcommand failed.



Determining if the function pthread_create exists in the pthread failed with the following output:
Change Dir: C:/Users/kevin/Programming/DecoderVis/out/build/x64-release/CMakeFiles/CMakeScratch/TryCompile-jx7ndl

Run Build Command(s):C:/Program Files/Microsoft Visual Studio/2022/Community/Common7/IDE/CommonExtensions/Microsoft/CMake/Ninja/ninja.exe cmTC_c170d && [1/2] Building C object CMakeFiles\cmTC_c170d.dir\CheckFunctionExists.c.obj
[2/2] Linking C executable cmTC_c170d.exe
FAILED: cmTC_c170d.exe 
cmd.exe /C "cd . && "C:\Program Files\Microsoft Visual Studio\2022\Community\Common7\IDE\CommonExtensions\Microsoft\CMake\CMake\bin\cmake.exe" -E vs_link_exe --intdir=CMakeFiles\cmTC_c170d.dir --rc=C:\PROGRA~2\WI3CF2~1\10\bin\100220~1.0\x64\rc.exe --mt=C:\PROGRA~2\WI3CF2~1\10\bin\100220~1.0\x64\mt.exe --manifests  -- C:\PROGRA~1\MICROS~4\2022\COMMUN~1\VC\Tools\MSVC\1435~1.322\bin\Hostx64\x64\link.exe /nologo CMakeFiles\cmTC_c170d.dir\CheckFunctionExists.c.obj  /out:cmTC_c170d.exe /implib:cmTC_c170d.lib /pdb:cmTC_c170d.pdb /version:0.0 /machine:x64  /debug /INCREMENTAL /subsystem:console  pthread.lib  kernel32.lib user32.lib gdi32.lib winspool.lib shell32.lib ole32.lib oleaut32.lib uuid.lib comdlg32.lib advapi32.lib && cd ."
LINK Pass 1: command "C:\PROGRA~1\MICROS~4\2022\COMMUN~1\VC\Tools\MSVC\1435~1.322\bin\Hostx64\x64\link.exe /nologo CMakeFiles\cmTC_c170d.dir\CheckFunctionExists.c.obj /out:cmTC_c170d.exe /implib:cmTC_c170d.lib /pdb:cmTC_c170d.pdb /version:0.0 /machine:x64 /debug /INCREMENTAL /subsystem:console pthread.lib kernel32.lib user32.lib gdi32.lib winspool.lib shell32.lib ole32.lib oleaut32.lib uuid.lib comdlg32.lib advapi32.lib /MANIFEST /MANIFESTFILE:CMakeFiles\cmTC_c170d.dir/intermediate.manifest CMakeFiles\cmTC_c170d.dir/manifest.res" failed (exit code 1104) with the following output:
LINK : fatal error LNK1104: cannot open file 'pthread.lib'
ninja: build stopped: subcommand failed.



